Build started 23/06/2018 09:21:57 PM.
     1>Project "C:\Users\Haseeb Manzoor\documents\visual studio 2013\Projects\ooad_project\ooad_project\ooad_project.vcxproj" on node 2 (Build target(s)).
     1>ClCompile:
         C:\Program Files (x86)\Microsoft Visual Studio 12.0\VC\bin\CL.exe /c /ZI /nologo /W3 /WX- /sdl /Od /Oy- /D _MBCS /Gm /EHsc /RTC1 /MDd /GS /fp:precise /Zc:wchar_t /Zc:forScope /Fo"Debug\\" /Fd"Debug\vc120.pdb" /Gd /TP /analyze- /errorReport:prompt criminal.cpp police_main.cpp
         police_main.cpp
     1>c:\users\haseeb manzoor\documents\visual studio 2013\projects\ooad_project\ooad_project\police_main.cpp(21): error C3867: 'criminal::output': function call missing argument list; use '&criminal::output' to create a pointer to member
         criminal.cpp
     1>c:\users\haseeb manzoor\documents\visual studio 2013\projects\ooad_project\ooad_project\criminal.cpp(36): error C4996: 'gets': This function or variable may be unsafe. Consider using gets_s instead. To disable deprecation, use _CRT_SECURE_NO_WARNINGS. See online help for details.
                 c:\program files (x86)\microsoft visual studio 12.0\vc\include\stdio.h(254) : see declaration of 'gets'
     1>c:\users\haseeb manzoor\documents\visual studio 2013\projects\ooad_project\ooad_project\criminal.cpp(59): error C3867: 'details::set_color': function call missing argument list; use '&details::set_color' to create a pointer to member
     1>c:\users\haseeb manzoor\documents\visual studio 2013\projects\ooad_project\ooad_project\criminal.cpp(62): error C3867: 'details::set_face': function call missing argument list; use '&details::set_face' to create a pointer to member
     1>c:\users\haseeb manzoor\documents\visual studio 2013\projects\ooad_project\ooad_project\criminal.cpp(65): error C3867: 'details::set_height': function call missing argument list; use '&details::set_height' to create a pointer to member
     1>c:\users\haseeb manzoor\documents\visual studio 2013\projects\ooad_project\ooad_project\criminal.cpp(68): error C3867: 'details::set_imark': function call missing argument list; use '&details::set_imark' to create a pointer to member
     1>c:\users\haseeb manzoor\documents\visual studio 2013\projects\ooad_project\ooad_project\criminal.cpp(71): error C3867: 'court::set_cour': function call missing argument list; use '&court::set_cour' to create a pointer to member
     1>c:\users\haseeb manzoor\documents\visual studio 2013\projects\ooad_project\ooad_project\criminal.cpp(74): error C3867: 'court::set_state': function call missing argument list; use '&court::set_state' to create a pointer to member
     1>c:\users\haseeb manzoor\documents\visual studio 2013\projects\ooad_project\ooad_project\criminal.cpp(77): error C3867: 'court::set_crime': function call missing argument list; use '&court::set_crime' to create a pointer to member
     1>c:\users\haseeb manzoor\documents\visual studio 2013\projects\ooad_project\ooad_project\criminal.cpp(80): error C3867: 'court::set_act': function call missing argument list; use '&court::set_act' to create a pointer to member
     1>c:\users\haseeb manzoor\documents\visual studio 2013\projects\ooad_project\ooad_project\criminal.cpp(83): error C3867: 'police::set_station': function call missing argument list; use '&police::set_station' to create a pointer to member
     1>c:\users\haseeb manzoor\documents\visual studio 2013\projects\ooad_project\ooad_project\criminal.cpp(86): error C3867: 'police::get_fir_no': function call missing argument list; use '&police::get_fir_no' to create a pointer to member
     1>c:\users\haseeb manzoor\documents\visual studio 2013\projects\ooad_project\ooad_project\criminal.cpp(90): error C2228: left of '.d' must have class/struct/union
     1>c:\users\haseeb manzoor\documents\visual studio 2013\projects\ooad_project\ooad_project\criminal.cpp(90): error C2228: left of '.m' must have class/struct/union
     1>c:\users\haseeb manzoor\documents\visual studio 2013\projects\ooad_project\ooad_project\criminal.cpp(90): error C2228: left of '.y' must have class/struct/union
     1>c:\users\haseeb manzoor\documents\visual studio 2013\projects\ooad_project\ooad_project\criminal.cpp(122): error C3867: 'details::get_face': function call missing argument list; use '&details::get_face' to create a pointer to member
     1>c:\users\haseeb manzoor\documents\visual studio 2013\projects\ooad_project\ooad_project\criminal.cpp(123): error C3867: 'details::get_color': function call missing argument list; use '&details::get_color' to create a pointer to member
     1>c:\users\haseeb manzoor\documents\visual studio 2013\projects\ooad_project\ooad_project\criminal.cpp(124): error C3867: 'details::get_imark': function call missing argument list; use '&details::get_imark' to create a pointer to member
     1>c:\users\haseeb manzoor\documents\visual studio 2013\projects\ooad_project\ooad_project\criminal.cpp(125): error C3867: 'details::get_height': function call missing argument list; use '&details::get_height' to create a pointer to member
     1>c:\users\haseeb manzoor\documents\visual studio 2013\projects\ooad_project\ooad_project\criminal.cpp(137): error C3867: 'court::get_cour': function call missing argument list; use '&court::get_cour' to create a pointer to member
     1>c:\users\haseeb manzoor\documents\visual studio 2013\projects\ooad_project\ooad_project\criminal.cpp(138): error C3867: 'court::get_state': function call missing argument list; use '&court::get_state' to create a pointer to member
     1>c:\users\haseeb manzoor\documents\visual studio 2013\projects\ooad_project\ooad_project\criminal.cpp(139): error C3867: 'court::get_crime': function call missing argument list; use '&court::get_crime' to create a pointer to member
     1>c:\users\haseeb manzoor\documents\visual studio 2013\projects\ooad_project\ooad_project\criminal.cpp(140): error C3867: 'court::get_act': function call missing argument list; use '&court::get_act' to create a pointer to member
     1>c:\users\haseeb manzoor\documents\visual studio 2013\projects\ooad_project\ooad_project\criminal.cpp(142): error C3867: 'police::get_fir_no': function call missing argument list; use '&police::get_fir_no' to create a pointer to member
     1>c:\users\haseeb manzoor\documents\visual studio 2013\projects\ooad_project\ooad_project\criminal.cpp(143): error C2228: left of '.d' must have class/struct/union
     1>c:\users\haseeb manzoor\documents\visual studio 2013\projects\ooad_project\ooad_project\criminal.cpp(143): error C2228: left of '.m' must have class/struct/union
     1>c:\users\haseeb manzoor\documents\visual studio 2013\projects\ooad_project\ooad_project\criminal.cpp(143): error C2228: left of '.y' must have class/struct/union
     1>c:\users\haseeb manzoor\documents\visual studio 2013\projects\ooad_project\ooad_project\criminal.cpp(144): error C3867: 'police::get_station': function call missing argument list; use '&police::get_station' to create a pointer to member
     1>c:\users\haseeb manzoor\documents\visual studio 2013\projects\ooad_project\ooad_project\criminal.cpp(179): warning C4156: deletion of an array expression without using the array form of 'delete'; array form substituted
     1>c:\users\haseeb manzoor\documents\visual studio 2013\projects\ooad_project\ooad_project\criminal.cpp(179): warning C4154: deletion of an array expression; conversion to pointer supplied
         Generating Code...
     1>Done Building Project "C:\Users\Haseeb Manzoor\documents\visual studio 2013\Projects\ooad_project\ooad_project\ooad_project.vcxproj" (Build target(s)) -- FAILED.

Build FAILED.

Time Elapsed 00:00:01.87
